<?xml version="1.0" encoding="UTF-8"?>
<testsuite xmlns:xsi="http://www.w3.org/2001/XMLSchema-instance" xsi:noNamespaceSchemaLocation="https://maven.apache.org/surefire/maven-surefire-plugin/xsd/surefire-test-report.xsd" version="3.0.2" name="com.example.demo.QuizappApplicationTests" time="8.451" tests="1" errors="0" skipped="0" failures="0">
  <properties>
[...]
</properties>
  <testcase name="contextLoads" classname="com.example.demo.QuizappApplicationTests" time="0.567">
    <system-out><![CDATA[17:05:33.468 [main] INFO org.springframework.test.context.support.AnnotationConfigContextLoaderUtils -- Could not detect default configuration classes for test class [com.example.demo.QuizappApplicationTests]: QuizappApplicationTests does not declare any static, non-private, non-final, nested classes annotated with @Configuration.
17:05:33.612 [main] INFO org.springframework.boot.test.context.SpringBootTestContextBootstrapper -- Found @SpringBootConfiguration com.example.demo.QuizappApplication for test class com.example.demo.QuizappApplicationTests

  .   ____          _            __ _ _
 /\\ / ___'_ __ _ _(_)_ __  __ _ \ \ \ \
( ( )\___ | '_ | '_| | '_ \/ _` | \ \ \ \
 \\/  ___)| |_)| | | | | || (_| |  ) ) ) )
  '  |____| .__|_| |_|_| |_\__, | / / / /
 =========|_|==============|___/=/_/_/_/

 :: Spring Boot ::                (v4.0.3)

2026-03-04T17:05:34.343+05:30  INFO 10592 --- [Quizapp] [           main] c.example.demo.QuizappApplicationTests   : Starting QuizappApplicationTests using Java 17.0.4.1 with PID 10592 (started by A NAGARJUN REDDY in C:\Users\A NAGARJUN REDDY\Desktop\demo (7)\demo)
2026-03-04T17:05:34.345+05:30  INFO 10592 --- [Quizapp] [           main] c.example.demo.QuizappApplicationTests   : No active profile set, falling back to 1 default profile: "default"
2026-03-04T17:05:35.614+05:30  INFO 10592 --- [Quizapp] [           main] .s.d.r.c.RepositoryConfigurationDelegate : Bootstrapping Spring Data JPA repositories in DEFAULT mode.
2026-03-04T17:05:35.720+05:30  INFO 10592 --- [Quizapp] [           main] .s.d.r.c.RepositoryConfigurationDelegate : Finished Spring Data repository scanning in 88 ms. Found 2 JPA repository interfaces.
2026-03-04T17:05:36.425+05:30  INFO 10592 --- [Quizapp] [           main] org.hibernate.orm.jpa                    : HHH008540: Processing PersistenceUnitInfo [name: default]
2026-03-04T17:05:36.525+05:30  INFO 10592 --- [Quizapp] [           main] org.hibernate.orm.core                   : HHH000001: Hibernate ORM core version 7.2.4.Final
2026-03-04T17:05:37.427+05:30  INFO 10592 --- [Quizapp] [           main] o.s.o.j.p.SpringPersistenceUnitInfo      : No LoadTimeWeaver setup: ignoring JPA class transformer
2026-03-04T17:05:37.498+05:30  INFO 10592 --- [Quizapp] [           main] com.zaxxer.hikari.HikariDataSource       : HikariPool-1 - Starting...
2026-03-04T17:05:37.845+05:30  INFO 10592 --- [Quizapp] [           main] com.zaxxer.hikari.pool.HikariPool        : HikariPool-1 - Added connection org.postgresql.jdbc.PgConnection@1a4cbcc6
2026-03-04T17:05:37.847+05:30  INFO 10592 --- [Quizapp] [           main] com.zaxxer.hikari.HikariDataSource       : HikariPool-1 - Start completed.
2026-03-04T17:05:38.046+05:30  INFO 10592 --- [Quizapp] [           main] org.hibernate.orm.connections.pooling    : HHH10001005: Database info:
	Database JDBC URL [jdbc:postgresql://localhost:5432/quizapp]
	Database driver: PostgreSQL JDBC Driver
	Database dialect: PostgreSQLDialect
	Database version: 18.0
	Default catalog/schema: quizapp/public
	Autocommit mode: undefined/unknown
	Isolation level: READ_COMMITTED [default READ_COMMITTED]
	JDBC fetch size: none
	Pool: DataSourceConnectionProvider
	Minimum pool size: undefined/unknown
	Maximum pool size: undefined/unknown
2026-03-04T17:05:39.321+05:30  INFO 10592 --- [Quizapp] [           main] org.hibernate.orm.core                   : HHH000489: No JTA platform available (set 'hibernate.transaction.jta.platform' to enable JTA platform integration)
2026-03-04T17:05:39.442+05:30  INFO 10592 --- [Quizapp] [           main] j.LocalContainerEntityManagerFactoryBean : Initialized JPA EntityManagerFactory for persistence unit 'default'
2026-03-04T17:05:39.590+05:30  INFO 10592 --- [Quizapp] [           main] o.s.d.j.r.query.QueryEnhancerFactories   : Hibernate is in classpath; If applicable, HQL parser will be used.
2026-03-04T17:05:40.154+05:30  WARN 10592 --- [Quizapp] [           main] JpaBaseConfiguration$JpaWebConfiguration : spring.jpa.open-in-view is enabled by default. Therefore, database queries may be performed during view rendering. Explicitly configure spring.jpa.open-in-view to disable this warning
2026-03-04T17:05:40.974+05:30  INFO 10592 --- [Quizapp] [           main] c.example.demo.QuizappApplicationTests   : Started QuizappApplicationTests in 7.025 seconds (process running for 9.045)
]]></system-out>
  </testcase>
</testsuite>